node:events:497
      throw er; // Unhandled 'error' event
      ^

Error: listen EADDRINUSE: address already in use :::3070
    at Server.setupListenHandle [as _listen2] (node:net:1940:16)
    at listenInCluster (node:net:1997:12)
    at Server.listen (node:net:2102:7)
    at <anonymous> (D:\Projects\ClubMed\LecteurMagic\packages\factory-cli\src\server\action-server.ts:233:12)
    at new Promise (<anonymous>)
    at startActionServer (D:\Projects\ClubMed\LecteurMagic\packages\factory-cli\src\server\action-server.ts:232:10)
    at run (D:\Projects\ClubMed\LecteurMagic\packages\factory-cli\src\cli.ts:1132:13)
Emitted 'error' event on Server instance at:
    at emitErrorNT (node:net:1976:8)
    at process.processTicksAndRejections (node:internal/process/task_queues:90:21) {
  code: 'EADDRINUSE',
  errno: -4091,
  syscall: 'listen',
  address: '::',
  port: 3070
}

Node.js v22.22.0
